<?xml version="1.0" encoding="UTF-8"?>
<!-- Generated by org.testng.reporters.JUnitReportReporter -->
<testsuite hostname="DESKTOP-E5KOC3R" name="com.testNG.TestngAnnotation" tests="2" failures="0" timestamp="18 Apr 2016 14:54:42 GMT" time="0.013" errors="0">
  <testcase name="test2" time="0.006" classname="com.testNG.TestngAnnotation"/>
  <testcase name="test1" time="0.007" classname="com.testNG.TestngAnnotation"/>
</testsuite> <!-- com.testNG.TestngAnnotation -->
