<?xml version="1.0" encoding="UTF-8"?>
<!-- Generated by org.testng.reporters.JUnitReportReporter -->
<testsuite hostname="DESKTOP-E5KOC3R" name="com.test.TestOne" tests="3" failures="0" timestamp="16 Apr 2016 14:44:25 GMT" time="0.019" errors="0">
  <testcase name="testThree" time="0.010" classname="com.test.TestOne"/>
  <testcase name="testTwo" time="0.005" classname="com.test.TestOne"/>
  <testcase name="testOne" time="0.004" classname="com.test.TestOne"/>
</testsuite> <!-- com.test.TestOne -->
