<?xml version="1.0" encoding="UTF-8"?>
<!-- Generated by org.testng.reporters.JUnitReportReporter -->
<testsuite hostname="DESKTOP-E5KOC3R" name="com.testNG.ParameterizedTest1" tests="1" failures="0" timestamp="19 Apr 2016 12:01:39 GMT" time="0.023" errors="0">
  <testcase name="parameterTest" time="0.023" classname="com.testNG.ParameterizedTest1"/>
</testsuite> <!-- com.testNG.ParameterizedTest1 -->
