<?xml version="1.0" encoding="UTF-8"?>
<!-- Generated by org.testng.reporters.JUnitReportReporter -->
<testsuite hostname="DESKTOP-E5KOC3R" name="com.testNG.ParamTestWithDataProvider1" tests="5" failures="0" timestamp="19 Apr 2016 13:09:02 GMT" time="0.127" errors="0">
  <testcase name="testPrimeNumberChechker" time="0.014" classname="com.testNG.ParamTestWithDataProvider1"/>
  <testcase name="testPrimeNumberChechker" time="0.061" classname="com.testNG.ParamTestWithDataProvider1"/>
  <testcase name="testPrimeNumberChechker" time="0.008" classname="com.testNG.ParamTestWithDataProvider1"/>
  <testcase name="testPrimeNumberChechker" time="0.031" classname="com.testNG.ParamTestWithDataProvider1"/>
  <testcase name="testPrimeNumberChechker" time="0.013" classname="com.testNG.ParamTestWithDataProvider1"/>
</testsuite> <!-- com.testNG.ParamTestWithDataProvider1 -->
