<?xml version="1.0" encoding="UTF-8"?>
<!-- Generated by org.testng.reporters.JUnitReportReporter -->
<testsuite hostname="DESKTOP-E5KOC3R" name="com.testNG.ParamTestWithDataProvider2" tests="1" failures="0" timestamp="19 Apr 2016 13:24:17 GMT" time="0.016" errors="0">
  <testcase name="testMethod" time="0.016" classname="com.testNG.ParamTestWithDataProvider2"/>
</testsuite> <!-- com.testNG.ParamTestWithDataProvider2 -->
