<?xml version="1.0" encoding="UTF-8"?>
<!-- Generated by org.testng.reporters.JUnitReportReporter -->
<testsuite hostname="DESKTOP-E5KOC3R" name="com.testNG.TestEmployeeDetails" tests="2" failures="0" timestamp="18 Apr 2016 13:58:34 GMT" time="0.033" errors="0">
  <testcase name="testZarade" time="0.007" classname="com.testNG.TestEmployeeDetails"/>
  <testcase name="testProcena" time="0.026" classname="com.testNG.TestEmployeeDetails"/>
</testsuite> <!-- com.testNG.TestEmployeeDetails -->
