<?xml version="1.0" encoding="UTF-8"?>
<!-- Generated by org.testng.reporters.JUnitReportReporter -->
<testsuite hostname="DESKTOP-E5KOC3R" name="com.testNG.DependencyTestUsingAnnotation" tests="6" failures="0" timestamp="19 Apr 2016 10:52:51 GMT" time="0.046" errors="0">
  <testcase name="initEnvironmentTest4" time="0.004" classname="com.testNG.DependencyTestUsingAnnotation"/>
  <testcase name="testDodavanje" time="0.004" classname="com.testNG.DependencyTestUsingAnnotation"/>
  <testcase name="initEnvironmentTest" time="0.019" classname="com.testNG.DependencyTestUsingAnnotation"/>
  <testcase name="initEnvironmentTest3" time="0.004" classname="com.testNG.DependencyTestUsingAnnotation"/>
  <testcase name="initEnvironmentTest2" time="0.004" classname="com.testNG.DependencyTestUsingAnnotation"/>
  <testcase name="testPrintMessage" time="0.011" classname="com.testNG.DependencyTestUsingAnnotation"/>
</testsuite> <!-- com.testNG.DependencyTestUsingAnnotation -->
