<?xml version="1.0" encoding="UTF-8"?>
<!-- Generated by org.testng.reporters.JUnitReportReporter -->
<testsuite hostname="DESKTOP-E5KOC3R" name="com.test.TestTwo" tests="1" failures="0" timestamp="16 Apr 2016 14:44:25 GMT" time="0.008" errors="0">
  <testcase name="testFour" time="0.008" classname="com.test.TestTwo"/>
</testsuite> <!-- com.test.TestTwo -->
