<?xml version="1.0" encoding="UTF-8"?>
<!-- Generated by org.testng.reporters.JUnitReportReporter -->
<testsuite hostname="DESKTOP-E5KOC3R" name="com.testNG.SampleTest" tests="1" failures="0" timestamp="18 Apr 2016 15:02:17 GMT" time="0.018" errors="0">
  <testcase name="testiranje" time="0.018" classname="com.testNG.SampleTest"/>
</testsuite> <!-- com.testNG.SampleTest -->
