<?xml version="1.0" encoding="UTF-8"?>
<!-- Generated by org.testng.reporters.JUnitReportReporter -->
<testsuite hostname="DESKTOP-E5KOC3R" name="com.testNG.Test2" tests="1" failures="0" timestamp="18 Apr 2016 15:34:07 GMT" time="0.017" errors="0">
  <testcase name="testDva" time="0.017" classname="com.testNG.Test2"/>
</testsuite> <!-- com.testNG.Test2 -->
